newrun jeu 04 sep 2014 23:24:57 CEST
Définition du pipeline à PAUSED...
Le pipeline est actif et n'a pas besoin de phase PREROLL...
Passage du pipeline à la phase PLAYING...
New clock: GstAudioSrcClock
Caught interrupt -- handling interrupt.
Interruption : arrêt du pipeline...
EOS à la fermeture est activé -- EOS forcé sur le pipeline
newrun jeu 04 sep 2014 23:25:06 CEST
Définition du pipeline à PAUSED...
Le pipeline est actif et n'a pas besoin de phase PREROLL...
Passage du pipeline à la phase PLAYING...
New clock: GstAudioSrcClock
Caught interrupt -- handling interrupt.
Interruption : arrêt du pipeline...
EOS à la fermeture est activé -- EOS forcé sur le pipeline
newrun jeu 04 sep 2014 23:25:15 CEST
Définition du pipeline à PAUSED...
Le pipeline est actif et n'a pas besoin de phase PREROLL...
Passage du pipeline à la phase PLAYING...
New clock: GstAudioSrcClock
Caught interrupt -- handling interrupt.
Interruption : arrêt du pipeline...
EOS à la fermeture est activé -- EOS forcé sur le pipeline
newrun jeu 04 sep 2014 23:25:24 CEST
Définition du pipeline à PAUSED...
Le pipeline est actif et n'a pas besoin de phase PREROLL...
Passage du pipeline à la phase PLAYING...
New clock: GstAudioSrcClock
Caught interrupt -- handling interrupt.
Interruption : arrêt du pipeline...
EOS à la fermeture est activé -- EOS forcé sur le pipeline
Attente d'EOS...
EOS reçu de l'élément « pipeline0 ».
EOS reçu - arrêt du pipeline...
Execution ended after 25095158430 ns.
Définition du pipeline à PAUSED...
Définition du pipeline à READY (prêt)...
newrun ven 05 sep 2014 00:04:03 CEST
Définition du pipeline à PAUSED...
Le pipeline est actif et n'a pas besoin de phase PREROLL...
Passage du pipeline à la phase PLAYING...
New clock: GstAudioSrcClock
Caught interrupt -- handling interrupt.
Interruption : arrêt du pipeline...
EOS à la fermeture est activé -- EOS forcé sur le pipeline
Attente d'EOS...
EOS reçu de l'élément « pipeline0 ».
EOS reçu - arrêt du pipeline...
Execution ended after 16572907084 ns.
Définition du pipeline à PAUSED...
Définition du pipeline à READY (prêt)...
Définition du pipeline à NULL...
Libération du pipeline...
